
ROM used:   1156/8192 (14%)
            1156/8192 (14%) including unused fragments

            0.9 Average locations per line
            7.0 Average locations per statement

RAM used:   12/368 (3%) at main() level
            28/368 (8%) worst case

Stack used: 5 worst case (5 in main + 0 for interrupts)
Stack size: 8

Lines Stmts  %   Files
----- ----- ---  -----
  116    66  40  Bai_tap_Lon_Nhung.c
  707     0   0  C:\Program Files (x86)\PICC\Devices\16f877a.h
  456   100  60  C:\Program Files (x86)\PICC\Drivers\lcd.c
----- -----
 1279   166 Total

Page ROM  %  RAM    Vol Diff  Functions:
---- --- --- ---    --- ----  ----------
0     21   2    1             @delay_ms1
 Inline         3    760  4.5  lcd_read_byte
0     57   5    2    262  3.7  lcd_read_nibble
0     57   5    1    399  2.4  lcd_send_nibble
0    137  12    3    415  3.7  lcd_send_byte
0    104   9    6    852  6.2  lcd_init
0     18   2    4    208  6.3  lcd_gotoxy
0     44   4    1    354  4.7  lcd_putc
0    292  25    4   2741  7.0  MAIN
0     15   1    0             @const743
0     86   7    4             @PSTRINGC7_725
0     15   1    0             @const748
0     16   1    0             @const749
0     15   1    0             @const750
0     15   1    0             @const751
0      8   1    0             @const752
0     89   8    5             @PSTRINGCN7_725
0     21   2    3             @DIV88
0     89   8    6             @PRINTF_D_725
0     11   1    0             @const761
0     12   1    0             @const762
0     15   1    0             @const763
0     15   1    0             @const764
 Inline         0             @cinit1

Program metrics:
    Functions               8
    Statements              166
    Comments                241
    Volume (V)              8479
    Difficulty (D)          36.4
    Effort to implement (E) 309027
    Time to implement (T)   4 hours, 46 minutes
    Est Delivered Bugs (B)  2
    Cyclomatic Complexity   19
    Maintainability (MI)    125

 Segment     Used  Free
-----------  ----  ----
00000-00003     4  0  
00004-007FF  1152  892  
00800-00FFF     0  2048  
01000-017FF     0  2048  
01800-01FFF     0  2048  



